<?xml version="1.0" encoding="UTF-8"?>
<!-- Generated by org.testng.reporters.JUnitReportReporter -->
<testsuite hostname="Mohammad-Aqel" failures="0" tests="3" name="AppiumTestCases.MyTestCases" time="23.615" errors="0" timestamp="2024-02-22T22:45:32 EET" skipped="2">
  <testcase classname="AppiumTestCases.MyTestCases" name="MyTestThree" time="23.615"/>
  <system-out/>
  <testcase classname="AppiumTestCases.MyTestCases" name="MyTestTwo">
    <skipped/>
  </testcase> <!-- MyTestTwo -->
  <system-out/>
  <testcase classname="AppiumTestCases.MyTestCases" name="MyTestOne">
    <skipped/>
  </testcase> <!-- MyTestOne -->
  <system-out/>
</testsuite> <!-- AppiumTestCases.MyTestCases -->
